2019-10-20 19:13:26,566 INFO o.s.b.StartupInfoLogger [restartedMain] Starting CurrencyexchangedemoApplication on LAPTOP-AJTV0JIH with PID 17320 (C:\deepa\ProjectDemo\Mia\currencyexchangedemo\currencyexchangedemo\target\classes started by jadha in C:\deepa\ProjectDemo\Mia\currencyexchangedemo\currencyexchangedemo)
2019-10-20 19:13:26,575 INFO o.s.b.SpringApplication [restartedMain] No active profile set, falling back to default profiles: default
2019-10-20 19:13:26,638 INFO o.s.b.l.DeferredLog [restartedMain] Devtools property defaults active! Set 'spring.devtools.add-properties' to 'false' to disable
2019-10-20 19:13:26,639 INFO o.s.b.l.DeferredLog [restartedMain] For additional web related logging consider setting the 'logging.level.web' property to 'DEBUG'
2019-10-20 19:13:27,884 INFO o.s.d.r.c.RepositoryConfigurationDelegate [restartedMain] Bootstrapping Spring Data repositories in DEFAULT mode.
2019-10-20 19:13:28,179 INFO o.s.d.r.c.RepositoryConfigurationDelegate [restartedMain] Finished Spring Data repository scanning in 246ms. Found 1 repository interfaces.
2019-10-20 19:13:28,916 INFO o.s.c.s.PostProcessorRegistrationDelegate$BeanPostProcessorChecker [restartedMain] Bean 'org.springframework.transaction.annotation.ProxyTransactionManagementConfiguration' of type [org.springframework.transaction.annotation.ProxyTransactionManagementConfiguration$$EnhancerBySpringCGLIB$$bbf6b1f4] is not eligible for getting processed by all BeanPostProcessors (for example: not eligible for auto-proxying)
2019-10-20 19:13:29,992 INFO o.s.b.w.e.t.TomcatWebServer [restartedMain] Tomcat initialized with port(s): 9000 (http)
2019-10-20 19:13:30,014 INFO o.a.j.l.DirectJDKLog [restartedMain] Initializing ProtocolHandler ["http-nio-9000"]
2019-10-20 19:13:30,044 INFO o.a.j.l.DirectJDKLog [restartedMain] Starting service [Tomcat]
2019-10-20 19:13:30,045 INFO o.a.j.l.DirectJDKLog [restartedMain] Starting Servlet engine: [Apache Tomcat/9.0.22]
2019-10-20 19:13:30,491 INFO o.a.j.l.DirectJDKLog [restartedMain] Initializing Spring embedded WebApplicationContext
2019-10-20 19:13:30,491 INFO o.s.b.w.s.c.ServletWebServerApplicationContext [restartedMain] Root WebApplicationContext: initialization completed in 3852 ms
2019-10-20 19:13:30,785 INFO c.z.h.HikariDataSource [restartedMain] HikariPool-1 - Starting...
2019-10-20 19:13:31,041 INFO c.z.h.HikariDataSource [restartedMain] HikariPool-1 - Start completed.
2019-10-20 19:13:31,136 INFO o.h.j.i.u.LogHelper [restartedMain] HHH000204: Processing PersistenceUnitInfo [
	name: default
	...]
2019-10-20 19:13:31,264 INFO o.h.Version [restartedMain] HHH000412: Hibernate Core {5.3.10.Final}
2019-10-20 19:13:31,267 INFO o.h.c.Environment [restartedMain] HHH000206: hibernate.properties not found
2019-10-20 19:13:31,567 INFO o.h.a.c.r.j.JavaReflectionManager [restartedMain] HCANN000001: Hibernate Commons Annotations {5.0.4.Final}
2019-10-20 19:13:31,859 INFO o.h.d.Dialect [restartedMain] HHH000400: Using dialect: org.hibernate.dialect.H2Dialect
2019-10-20 19:13:32,680 INFO o.h.t.s.i.SchemaCreatorImpl [restartedMain] HHH000476: Executing import script 'org.hibernate.tool.schema.internal.exec.ScriptSourceInputNonExistentImpl@178be0f7'
2019-10-20 19:13:32,683 INFO o.s.o.j.AbstractEntityManagerFactoryBean [restartedMain] Initialized JPA EntityManagerFactory for persistence unit 'default'
2019-10-20 19:13:32,705 INFO o.s.b.d.a.OptionalLiveReloadServer [restartedMain] LiveReload server is running on port 35729
2019-10-20 19:13:33,119 INFO o.h.h.i.QueryTranslatorFactoryInitiator [restartedMain] HHH000397: Using ASTQueryTranslatorFactory
2019-10-20 19:13:33,896 INFO o.s.s.c.ExecutorConfigurationSupport [restartedMain] Initializing ExecutorService 'applicationTaskExecutor'
2019-10-20 19:13:33,975 WARN o.s.b.a.o.j.JpaBaseConfiguration$JpaWebConfiguration$JpaWebMvcConfiguration [restartedMain] spring.jpa.open-in-view is enabled by default. Therefore, database queries may be performed during view rendering. Explicitly configure spring.jpa.open-in-view to disable this warning
2019-10-20 19:13:34,256 INFO o.a.j.l.DirectJDKLog [restartedMain] Starting ProtocolHandler ["http-nio-9000"]
2019-10-20 19:13:34,354 INFO o.s.b.w.e.t.TomcatWebServer [restartedMain] Tomcat started on port(s): 9000 (http) with context path ''
2019-10-20 19:13:34,358 INFO o.s.b.StartupInfoLogger [restartedMain] Started CurrencyexchangedemoApplication in 8.686 seconds (JVM running for 11.137)
2019-10-20 20:04:55,553 WARN c.z.h.p.HikariPool$HouseKeeper [HikariPool-1 housekeeper] HikariPool-1 - Thread starvation or clock leap detected (housekeeper delta=42m53s869ms234µs200ns).
2019-10-20 20:08:08,403 INFO o.s.s.c.ExecutorConfigurationSupport [Thread-5] Shutting down ExecutorService 'applicationTaskExecutor'
2019-10-20 20:08:08,584 INFO o.s.o.j.AbstractEntityManagerFactoryBean [Thread-5] Closing JPA EntityManagerFactory for persistence unit 'default'
2019-10-20 20:08:09,318 INFO o.h.t.s.i.SchemaDropperImpl$DelayedDropActionImpl [Thread-5] HHH000477: Starting delayed evictData of schema as part of SessionFactory shut-down'
2019-10-20 20:08:09,860 WARN o.s.b.f.s.DisposableBeanAdapter [Thread-5] Invocation of destroy method failed on bean with name 'inMemoryDatabaseShutdownExecutor': org.h2.jdbc.JdbcSQLNonTransientConnectionException: Database is already closed (to disable automatic closing at VM shutdown, add ";DB_CLOSE_ON_EXIT=FALSE" to the db URL) [90121-199]
2019-10-20 20:08:09,884 INFO c.z.h.HikariDataSource [Thread-5] HikariPool-1 - Shutdown initiated...
2019-10-20 20:08:09,925 INFO c.z.h.HikariDataSource [Thread-5] HikariPool-1 - Shutdown completed.
2019-10-20 20:08:13,061 INFO o.s.b.StartupInfoLogger [restartedMain] Starting CurrencyexchangedemoApplication on LAPTOP-AJTV0JIH with PID 17320 (C:\deepa\ProjectDemo\Mia\currencyexchangedemo\currencyexchangedemo\target\classes started by jadha in C:\deepa\ProjectDemo\Mia\currencyexchangedemo\currencyexchangedemo)
2019-10-20 20:08:13,062 INFO o.s.b.SpringApplication [restartedMain] No active profile set, falling back to default profiles: default
2019-10-20 20:08:14,039 INFO o.s.d.r.c.RepositoryConfigurationDelegate [restartedMain] Bootstrapping Spring Data repositories in DEFAULT mode.
2019-10-20 20:08:14,063 INFO o.s.d.r.c.RepositoryConfigurationDelegate [restartedMain] Finished Spring Data repository scanning in 22ms. Found 1 repository interfaces.
2019-10-20 20:08:14,294 INFO o.s.c.s.PostProcessorRegistrationDelegate$BeanPostProcessorChecker [restartedMain] Bean 'org.springframework.transaction.annotation.ProxyTransactionManagementConfiguration' of type [org.springframework.transaction.annotation.ProxyTransactionManagementConfiguration$$EnhancerBySpringCGLIB$$bbf6b1f4] is not eligible for getting processed by all BeanPostProcessors (for example: not eligible for auto-proxying)
2019-10-20 20:08:14,871 INFO o.s.b.w.e.t.TomcatWebServer [restartedMain] Tomcat initialized with port(s): 9000 (http)
2019-10-20 20:08:14,874 INFO o.a.j.l.DirectJDKLog [restartedMain] Initializing ProtocolHandler ["http-nio-9000"]
2019-10-20 20:08:14,875 INFO o.a.j.l.DirectJDKLog [restartedMain] Starting service [Tomcat]
2019-10-20 20:08:14,875 INFO o.a.j.l.DirectJDKLog [restartedMain] Starting Servlet engine: [Apache Tomcat/9.0.22]
2019-10-20 20:08:14,912 INFO o.a.j.l.DirectJDKLog [restartedMain] Initializing Spring embedded WebApplicationContext
2019-10-20 20:08:14,913 INFO o.s.b.w.s.c.ServletWebServerApplicationContext [restartedMain] Root WebApplicationContext: initialization completed in 1847 ms
2019-10-20 20:08:15,057 INFO c.z.h.HikariDataSource [restartedMain] HikariPool-2 - Starting...
2019-10-20 20:08:15,066 INFO c.z.h.HikariDataSource [restartedMain] HikariPool-2 - Start completed.
2019-10-20 20:08:15,102 INFO o.h.j.i.u.LogHelper [restartedMain] HHH000204: Processing PersistenceUnitInfo [
	name: default
	...]
2019-10-20 20:08:15,129 INFO o.h.d.Dialect [restartedMain] HHH000400: Using dialect: org.hibernate.dialect.H2Dialect
2019-10-20 20:08:15,263 INFO o.h.t.s.i.SchemaCreatorImpl [restartedMain] HHH000476: Executing import script 'org.hibernate.tool.schema.internal.exec.ScriptSourceInputNonExistentImpl@178be0f7'
2019-10-20 20:08:15,264 INFO o.s.o.j.AbstractEntityManagerFactoryBean [restartedMain] Initialized JPA EntityManagerFactory for persistence unit 'default'
2019-10-20 20:08:15,282 INFO o.s.b.d.a.OptionalLiveReloadServer [restartedMain] LiveReload server is running on port 35729
2019-10-20 20:08:15,438 INFO o.h.h.i.QueryTranslatorFactoryInitiator [restartedMain] HHH000397: Using ASTQueryTranslatorFactory
2019-10-20 20:08:15,821 INFO o.s.s.c.ExecutorConfigurationSupport [restartedMain] Initializing ExecutorService 'applicationTaskExecutor'
2019-10-20 20:08:15,837 WARN o.s.b.a.o.j.JpaBaseConfiguration$JpaWebConfiguration$JpaWebMvcConfiguration [restartedMain] spring.jpa.open-in-view is enabled by default. Therefore, database queries may be performed during view rendering. Explicitly configure spring.jpa.open-in-view to disable this warning
2019-10-20 20:08:16,123 INFO o.a.j.l.DirectJDKLog [restartedMain] Starting ProtocolHandler ["http-nio-9000"]
2019-10-20 20:08:16,130 INFO o.s.b.w.e.t.TomcatWebServer [restartedMain] Tomcat started on port(s): 9000 (http) with context path ''
2019-10-20 20:08:16,131 INFO o.s.b.StartupInfoLogger [restartedMain] Started CurrencyexchangedemoApplication in 3.247 seconds (JVM running for 3292.917)
2019-10-20 20:08:16,135 INFO o.s.b.d.a.ConditionEvaluationDeltaLoggingListener [restartedMain] Condition evaluation unchanged
