2019-10-20 21:16:39,489 INFO o.s.b.StartupInfoLogger [restartedMain] Starting CurrencyexchangedemoApplication on LAPTOP-AJTV0JIH with PID 12720 (C:\deepa\ProjectDemo\Mia\currencyexchangedemo\currencyexchangedemo\target\classes started by jadha in C:\deepa\ProjectDemo\Mia\currencyexchangedemo\currencyexchangedemo)
2019-10-20 21:16:39,498 INFO o.s.b.SpringApplication [restartedMain] No active profile set, falling back to default profiles: default
2019-10-20 21:16:39,554 INFO o.s.b.l.DeferredLog [restartedMain] Devtools property defaults active! Set 'spring.devtools.add-properties' to 'false' to disable
2019-10-20 21:16:39,555 INFO o.s.b.l.DeferredLog [restartedMain] For additional web related logging consider setting the 'logging.level.web' property to 'DEBUG'
2019-10-20 21:16:40,440 INFO o.s.d.r.c.RepositoryConfigurationDelegate [restartedMain] Bootstrapping Spring Data repositories in DEFAULT mode.
2019-10-20 21:16:40,516 INFO o.s.d.r.c.RepositoryConfigurationDelegate [restartedMain] Finished Spring Data repository scanning in 67ms. Found 1 repository interfaces.
2019-10-20 21:16:40,975 INFO o.s.c.s.PostProcessorRegistrationDelegate$BeanPostProcessorChecker [restartedMain] Bean 'org.springframework.transaction.annotation.ProxyTransactionManagementConfiguration' of type [org.springframework.transaction.annotation.ProxyTransactionManagementConfiguration$$EnhancerBySpringCGLIB$$8e16adff] is not eligible for getting processed by all BeanPostProcessors (for example: not eligible for auto-proxying)
2019-10-20 21:16:42,446 INFO o.s.b.w.e.t.TomcatWebServer [restartedMain] Tomcat initialized with port(s): 9000 (http)
2019-10-20 21:16:42,478 INFO o.a.j.l.DirectJDKLog [restartedMain] Initializing ProtocolHandler ["http-nio-9000"]
2019-10-20 21:16:42,498 INFO o.a.j.l.DirectJDKLog [restartedMain] Starting service [Tomcat]
2019-10-20 21:16:42,500 INFO o.a.j.l.DirectJDKLog [restartedMain] Starting Servlet engine: [Apache Tomcat/9.0.22]
2019-10-20 21:16:42,658 INFO o.a.j.l.DirectJDKLog [restartedMain] Initializing Spring embedded WebApplicationContext
2019-10-20 21:16:42,659 INFO o.s.b.w.s.c.ServletWebServerApplicationContext [restartedMain] Root WebApplicationContext: initialization completed in 3104 ms
2019-10-20 21:16:42,927 INFO c.z.h.HikariDataSource [restartedMain] HikariPool-1 - Starting...
2019-10-20 21:16:43,247 INFO c.z.h.HikariDataSource [restartedMain] HikariPool-1 - Start completed.
2019-10-20 21:16:43,381 INFO o.h.j.i.u.LogHelper [restartedMain] HHH000204: Processing PersistenceUnitInfo [
	name: default
	...]
2019-10-20 21:16:43,770 INFO o.h.Version [restartedMain] HHH000412: Hibernate Core {5.3.10.Final}
2019-10-20 21:16:43,772 INFO o.h.c.Environment [restartedMain] HHH000206: hibernate.properties not found
2019-10-20 21:16:44,213 INFO o.h.a.c.r.j.JavaReflectionManager [restartedMain] HCANN000001: Hibernate Commons Annotations {5.0.4.Final}
2019-10-20 21:16:44,617 INFO o.h.d.Dialect [restartedMain] HHH000400: Using dialect: org.hibernate.dialect.H2Dialect
2019-10-20 21:16:45,368 INFO o.h.t.s.i.SchemaCreatorImpl [restartedMain] HHH000476: Executing import script 'org.hibernate.tool.schema.internal.exec.ScriptSourceInputNonExistentImpl@7066390b'
2019-10-20 21:16:45,371 INFO o.s.o.j.AbstractEntityManagerFactoryBean [restartedMain] Initialized JPA EntityManagerFactory for persistence unit 'default'
2019-10-20 21:16:45,395 WARN o.s.b.d.a.OptionalLiveReloadServer [restartedMain] Unable to start LiveReload server
2019-10-20 21:16:45,827 INFO o.h.h.i.QueryTranslatorFactoryInitiator [restartedMain] HHH000397: Using ASTQueryTranslatorFactory
2019-10-20 21:16:46,685 INFO o.s.s.c.ExecutorConfigurationSupport [restartedMain] Initializing ExecutorService 'applicationTaskExecutor'
2019-10-20 21:16:46,813 WARN o.s.b.a.o.j.JpaBaseConfiguration$JpaWebConfiguration$JpaWebMvcConfiguration [restartedMain] spring.jpa.open-in-view is enabled by default. Therefore, database queries may be performed during view rendering. Explicitly configure spring.jpa.open-in-view to disable this warning
2019-10-20 21:16:47,073 INFO o.a.j.l.DirectJDKLog [restartedMain] Starting ProtocolHandler ["http-nio-9000"]
2019-10-20 21:16:47,088 ERROR o.a.j.l.DirectJDKLog [restartedMain] Failed to start component [Connector[HTTP/1.1-9000]]
org.apache.catalina.LifecycleException: Protocol handler start failed
	at org.apache.catalina.connector.Connector.startInternal(Connector.java:1008) ~[tomcat-embed-core-9.0.22.jar:9.0.22]
	at org.apache.catalina.util.LifecycleBase.start(LifecycleBase.java:183) [tomcat-embed-core-9.0.22.jar:9.0.22]
	at org.apache.catalina.core.StandardService.addConnector(StandardService.java:227) [tomcat-embed-core-9.0.22.jar:9.0.22]
	at org.springframework.boot.web.embedded.tomcat.TomcatWebServer.addPreviouslyRemovedConnectors(TomcatWebServer.java:263) [spring-boot-2.1.7.RELEASE.jar:2.1.7.RELEASE]
	at org.springframework.boot.web.embedded.tomcat.TomcatWebServer.start(TomcatWebServer.java:195) [spring-boot-2.1.7.RELEASE.jar:2.1.7.RELEASE]
	at org.springframework.boot.web.servlet.context.ServletWebServerApplicationContext.startWebServer(ServletWebServerApplicationContext.java:297) [spring-boot-2.1.7.RELEASE.jar:2.1.7.RELEASE]
	at org.springframework.boot.web.servlet.context.ServletWebServerApplicationContext.finishRefresh(ServletWebServerApplicationContext.java:163) [spring-boot-2.1.7.RELEASE.jar:2.1.7.RELEASE]
	at org.springframework.context.support.AbstractApplicationContext.refresh(AbstractApplicationContext.java:552) [spring-context-5.1.9.RELEASE.jar:5.1.9.RELEASE]
	at org.springframework.boot.web.servlet.context.ServletWebServerApplicationContext.refresh(ServletWebServerApplicationContext.java:141) [spring-boot-2.1.7.RELEASE.jar:2.1.7.RELEASE]
	at org.springframework.boot.SpringApplication.refresh(SpringApplication.java:743) [spring-boot-2.1.7.RELEASE.jar:2.1.7.RELEASE]
	at org.springframework.boot.SpringApplication.refreshContext(SpringApplication.java:390) [spring-boot-2.1.7.RELEASE.jar:2.1.7.RELEASE]
	at org.springframework.boot.SpringApplication.run(SpringApplication.java:312) [spring-boot-2.1.7.RELEASE.jar:2.1.7.RELEASE]
	at org.springframework.boot.SpringApplication.run(SpringApplication.java:1214) [spring-boot-2.1.7.RELEASE.jar:2.1.7.RELEASE]
	at org.springframework.boot.SpringApplication.run(SpringApplication.java:1203) [spring-boot-2.1.7.RELEASE.jar:2.1.7.RELEASE]
	at com.exchnage.service.currencyexchangedemo.CurrencyexchangedemoApplication.main(CurrencyexchangedemoApplication.java:13) [classes/:?]
	at sun.reflect.NativeMethodAccessorImpl.invoke0(Native Method) ~[?:1.8.0_211]
	at sun.reflect.NativeMethodAccessorImpl.invoke(NativeMethodAccessorImpl.java:62) ~[?:1.8.0_211]
	at sun.reflect.DelegatingMethodAccessorImpl.invoke(DelegatingMethodAccessorImpl.java:43) ~[?:1.8.0_211]
	at java.lang.reflect.Method.invoke(Method.java:498) ~[?:1.8.0_211]
	at org.springframework.boot.devtools.restart.RestartLauncher.run(RestartLauncher.java:49) [spring-boot-devtools-2.1.7.RELEASE.jar:2.1.7.RELEASE]
Caused by: java.net.BindException: Address already in use: bind
	at sun.nio.ch.Net.bind0(Native Method) ~[?:1.8.0_211]
	at sun.nio.ch.Net.bind(Net.java:433) ~[?:1.8.0_211]
	at sun.nio.ch.Net.bind(Net.java:425) ~[?:1.8.0_211]
	at sun.nio.ch.ServerSocketChannelImpl.bind(ServerSocketChannelImpl.java:223) ~[?:1.8.0_211]
	at sun.nio.ch.ServerSocketAdaptor.bind(ServerSocketAdaptor.java:74) ~[?:1.8.0_211]
	at org.apache.tomcat.util.net.NioEndpoint.initServerSocket(NioEndpoint.java:230) ~[tomcat-embed-core-9.0.22.jar:9.0.22]
	at org.apache.tomcat.util.net.NioEndpoint.bind(NioEndpoint.java:213) ~[tomcat-embed-core-9.0.22.jar:9.0.22]
	at org.apache.tomcat.util.net.AbstractEndpoint.bindWithCleanup(AbstractEndpoint.java:1124) ~[tomcat-embed-core-9.0.22.jar:9.0.22]
	at org.apache.tomcat.util.net.AbstractEndpoint.start(AbstractEndpoint.java:1210) ~[tomcat-embed-core-9.0.22.jar:9.0.22]
	at org.apache.coyote.AbstractProtocol.start(AbstractProtocol.java:585) ~[tomcat-embed-core-9.0.22.jar:9.0.22]
	at org.apache.catalina.connector.Connector.startInternal(Connector.java:1005) ~[tomcat-embed-core-9.0.22.jar:9.0.22]
	... 19 more
2019-10-20 21:16:47,103 INFO o.a.j.l.DirectJDKLog [restartedMain] Pausing ProtocolHandler ["http-nio-9000"]
2019-10-20 21:16:47,104 INFO o.a.j.l.DirectJDKLog [restartedMain] Stopping service [Tomcat]
2019-10-20 21:16:47,113 INFO o.a.j.l.DirectJDKLog [restartedMain] The stop() method was called on component [StandardServer[-1]] after stop() had already been called. The second call will be ignored.
2019-10-20 21:16:47,114 INFO o.a.j.l.DirectJDKLog [restartedMain] Stopping ProtocolHandler ["http-nio-9000"]
2019-10-20 21:16:47,114 INFO o.a.j.l.DirectJDKLog [restartedMain] Destroying ProtocolHandler ["http-nio-9000"]
2019-10-20 21:16:47,119 INFO o.s.b.a.l.ConditionEvaluationReportLoggingListener [restartedMain] 

Error starting ApplicationContext. To display the conditions report re-run your application with 'debug' enabled.
2019-10-20 21:16:47,122 ERROR o.s.b.d.LoggingFailureAnalysisReporter [restartedMain] 

***************************
APPLICATION FAILED TO START
***************************

Description:

The Tomcat connector configured to listen on port 9000 failed to start. The port may already be in use or the connector may be misconfigured.

Action:

Verify the connector's configuration, identify and stop any process that's listening on port 9000, or configure this application to listen on another port.

2019-10-20 21:16:47,128 INFO o.s.s.c.ExecutorConfigurationSupport [restartedMain] Shutting down ExecutorService 'applicationTaskExecutor'
2019-10-20 21:16:47,130 INFO o.s.o.j.AbstractEntityManagerFactoryBean [restartedMain] Closing JPA EntityManagerFactory for persistence unit 'default'
2019-10-20 21:16:47,131 INFO o.h.t.s.i.SchemaDropperImpl$DelayedDropActionImpl [restartedMain] HHH000477: Starting delayed evictData of schema as part of SessionFactory shut-down'
2019-10-20 21:16:47,143 WARN o.s.b.f.s.DisposableBeanAdapter [restartedMain] Invocation of destroy method failed on bean with name 'inMemoryDatabaseShutdownExecutor': org.h2.jdbc.JdbcSQLNonTransientConnectionException: Database is already closed (to disable automatic closing at VM shutdown, add ";DB_CLOSE_ON_EXIT=FALSE" to the db URL) [90121-199]
2019-10-20 21:16:47,144 INFO c.z.h.HikariDataSource [restartedMain] HikariPool-1 - Shutdown initiated...
2019-10-20 21:16:47,147 INFO c.z.h.HikariDataSource [restartedMain] HikariPool-1 - Shutdown completed.
